09:46:24.758 [main] INFO  testCases.TC001_AccountRegistrationTest - ***** Starting TC001_AccountRegistrationTest *****
09:46:24.934 [main] INFO  testCases.TC001_AccountRegistrationTest - clicked on myAccount link....
09:46:25.550 [main] INFO  testCases.TC001_AccountRegistrationTest - clicked on Register link....
09:46:25.555 [main] INFO  testCases.TC001_AccountRegistrationTest - providing customer details..
09:46:29.410 [main] INFO  testCases.TC001_AccountRegistrationTest - validating expected message..
09:46:29.484 [main] INFO  testCases.TC001_AccountRegistrationTest - ****** Finished TC001 AccountRegistrationTest ******
10:16:37.056 [main] INFO  testCases.TC001_AccountRegistrationTest - ***** Starting TC001_AccountRegistrationTest *****
10:16:37.308 [main] INFO  testCases.TC001_AccountRegistrationTest - clicked on myAccount link....
10:16:37.921 [main] INFO  testCases.TC001_AccountRegistrationTest - clicked on Register link....
10:16:37.924 [main] INFO  testCases.TC001_AccountRegistrationTest - providing customer details..
10:16:41.960 [main] INFO  testCases.TC001_AccountRegistrationTest - validating expected message..
10:16:42.023 [main] INFO  testCases.TC001_AccountRegistrationTest - ****** Finished TC001 AccountRegistrationTest ******
11:06:17.431 [main] INFO  testCases.TC001_AccountRegistrationTest - ***** Starting TC001_AccountRegistrationTest *****
11:06:17.577 [main] INFO  testCases.TC001_AccountRegistrationTest - clicked on myAccount link....
11:06:18.198 [main] INFO  testCases.TC001_AccountRegistrationTest - clicked on Register link....
11:06:18.201 [main] INFO  testCases.TC001_AccountRegistrationTest - providing customer details..
11:06:22.040 [main] INFO  testCases.TC001_AccountRegistrationTest - validating expected message..
11:06:22.112 [main] INFO  testCases.TC001_AccountRegistrationTest - ****** Finished TC001 AccountRegistrationTest ******
11:07:49.716 [main] INFO  testCases.TC001_AccountRegistrationTest - ***** Starting TC001_AccountRegistrationTest *****
11:07:50.102 [main] INFO  testCases.TC001_AccountRegistrationTest - clicked on myAccount link....
11:07:50.709 [main] INFO  testCases.TC001_AccountRegistrationTest - clicked on Register link....
11:07:50.713 [main] INFO  testCases.TC001_AccountRegistrationTest - providing customer details..
11:07:54.728 [main] INFO  testCases.TC001_AccountRegistrationTest - validating expected message..
12:42:10.209 [main] INFO  testCases.TC001_AccountRegistrationTest - ***** Starting TC001_AccountRegistrationTest *****
12:42:10.317 [main] INFO  testCases.TC001_AccountRegistrationTest - clicked on myAccount link....
12:42:10.874 [main] INFO  testCases.TC001_AccountRegistrationTest - clicked on Register link....
12:42:10.876 [main] INFO  testCases.TC001_AccountRegistrationTest - providing customer details..
12:42:14.302 [main] INFO  testCases.TC001_AccountRegistrationTest - validating expected message..
12:42:14.352 [main] INFO  testCases.TC001_AccountRegistrationTest - ****** Finished TC001 AccountRegistrationTest ******
12:55:03.406 [main] INFO  testCases.TC001_AccountRegistrationTest - ***** Starting TC001_AccountRegistrationTest *****
12:55:03.526 [main] INFO  testCases.TC001_AccountRegistrationTest - clicked on myAccount link....
12:55:04.326 [main] INFO  testCases.TC001_AccountRegistrationTest - clicked on Register link....
12:55:04.327 [main] INFO  testCases.TC001_AccountRegistrationTest - providing customer details..
12:55:07.759 [main] INFO  testCases.TC001_AccountRegistrationTest - validating expected message..
12:55:07.809 [main] INFO  testCases.TC001_AccountRegistrationTest - ****** Finished TC001 AccountRegistrationTest ******
12:55:11.085 [main] INFO  testCases.TC001_AccountRegistrationTest - ***** Starting TC001_AccountRegistrationTest *****
12:55:11.205 [main] INFO  testCases.TC001_AccountRegistrationTest - clicked on myAccount link....
12:55:11.816 [main] INFO  testCases.TC001_AccountRegistrationTest - clicked on Register link....
12:55:11.817 [main] INFO  testCases.TC001_AccountRegistrationTest - providing customer details..
12:55:15.380 [main] INFO  testCases.TC001_AccountRegistrationTest - validating expected message..
12:55:15.428 [main] INFO  testCases.TC001_AccountRegistrationTest - ****** Finished TC001 AccountRegistrationTest ******
12:55:18.623 [main] INFO  testCases.TC001_AccountRegistrationTest - ***** Starting TC001_AccountRegistrationTest *****
12:55:18.741 [main] INFO  testCases.TC001_AccountRegistrationTest - clicked on myAccount link....
12:55:19.336 [main] INFO  testCases.TC001_AccountRegistrationTest - clicked on Register link....
12:55:19.338 [main] INFO  testCases.TC001_AccountRegistrationTest - providing customer details..
12:55:22.913 [main] INFO  testCases.TC001_AccountRegistrationTest - validating expected message..
12:55:22.968 [main] INFO  testCases.TC001_AccountRegistrationTest - ****** Finished TC001 AccountRegistrationTest ******
12:57:44.262 [TestNG-tests-3] INFO  testCases.TC001_AccountRegistrationTest - ***** Starting TC001_AccountRegistrationTest *****
