12:02:02.034 [main] INFO  testCases.TC004_wishlist - *****Ending TC004_wishlist
12:03:18.909 [main] INFO  testCases.TC002_LoginTest - ***** starting TC002_LoginTest *****
12:03:23.262 [main] INFO  testCases.TC002_LoginTest - ***** Finished TC002_LoginTest *****
12:03:29.309 [main] INFO  testCases.TC004_wishlist - *****Starting TC004_wishlist
12:03:33.100 [main] INFO  testCases.TC004_wishlist - *****Ending TC004_wishlist
12:21:27.390 [main] INFO  testCases.TC002_LoginTest - ***** starting TC002_LoginTest *****
12:21:30.559 [main] INFO  testCases.TC002_LoginTest - ***** Finished TC002_LoginTest *****
12:21:34.713 [main] INFO  testCases.TC004_wishlist - *****Starting TC004_wishlist
12:21:37.415 [main] INFO  testCases.TC004_wishlist - *****Ending TC004_wishlist
12:31:43.909 [main] INFO  testCases.TC002_LoginTest - ***** starting TC002_LoginTest *****
12:31:48.406 [main] INFO  testCases.TC002_LoginTest - ***** Finished TC002_LoginTest *****
12:31:52.298 [main] INFO  testCases.TC004_wishlist - *****Starting TC004_wishlist
12:31:54.893 [main] INFO  testCases.TC004_wishlist - *****Ending TC004_wishlist
12:35:54.329 [main] INFO  testCases.TC002_LoginTest - ***** starting TC002_LoginTest *****
12:35:57.478 [main] INFO  testCases.TC002_LoginTest - ***** Finished TC002_LoginTest *****
12:36:00.817 [main] INFO  testCases.TC004_wishlist - *****Starting TC004_wishlist
12:36:03.634 [main] INFO  testCases.TC004_wishlist - *****Ending TC004_wishlist
12:37:28.809 [main] INFO  testCases.TC002_LoginTest - ***** starting TC002_LoginTest *****
12:37:31.763 [main] INFO  testCases.TC002_LoginTest - ***** Finished TC002_LoginTest *****
12:37:35.140 [main] INFO  testCases.TC004_wishlist - *****Starting TC004_wishlist
12:37:38.077 [main] INFO  testCases.TC004_wishlist - *****Ending TC004_wishlist
12:41:24.631 [main] INFO  testCases.TC002_LoginTest - ***** starting TC002_LoginTest *****
12:41:27.566 [main] INFO  testCases.TC002_LoginTest - ***** Finished TC002_LoginTest *****
12:41:31.083 [main] INFO  testCases.TC004_wishlist - *****Starting TC004_wishlist
12:41:33.831 [main] INFO  testCases.TC004_wishlist - *****Ending TC004_wishlist
12:50:58.520 [main] INFO  testCases.TC002_LoginTest - ***** starting TC002_LoginTest *****
12:51:14.039 [main] INFO  testCases.TC004_wishlist - *****Starting TC004_wishlist
12:51:16.947 [main] INFO  testCases.TC004_wishlist - *****Ending TC004_wishlist
12:51:54.172 [main] INFO  testCases.TC002_LoginTest - ***** starting TC002_LoginTest *****
12:51:57.595 [main] INFO  testCases.TC002_LoginTest - ***** Finished TC002_LoginTest *****
12:52:01.037 [main] INFO  testCases.TC004_wishlist - *****Starting TC004_wishlist
12:52:03.858 [main] INFO  testCases.TC004_wishlist - *****Ending TC004_wishlist
13:17:19.318 [main] INFO  testCases.TC002_LoginTest - ***** starting TC002_LoginTest *****
13:17:22.200 [main] INFO  testCases.TC002_LoginTest - ***** Finished TC002_LoginTest *****
13:17:25.869 [main] INFO  testCases.TC004_wishlist - *****Starting TC004_wishlist
13:17:28.893 [main] INFO  testCases.TC004_wishlist - *****Ending TC004_wishlist
14:32:42.961 [main] INFO  testCases.TC002_LoginTest - ***** starting TC002_LoginTest *****
14:32:46.141 [main] INFO  testCases.TC002_LoginTest - ***** Finished TC002_LoginTest *****
14:32:50.270 [main] INFO  testCases.TC004_wishlist - *****Starting TC004_wishlist
14:32:54.217 [main] INFO  testCases.TC004_wishlist - *****Ending TC004_wishlist
14:33:50.825 [main] INFO  testCases.TC002_LoginTest - ***** starting TC002_LoginTest *****
14:33:54.094 [main] INFO  testCases.TC002_LoginTest - ***** Finished TC002_LoginTest *****
14:33:59.411 [main] INFO  testCases.TC004_wishlist - *****Starting TC004_wishlist
14:34:03.441 [main] INFO  testCases.TC004_wishlist - *****Ending TC004_wishlist
14:35:09.219 [main] INFO  testCases.TC002_LoginTest - ***** starting TC002_LoginTest *****
14:35:12.642 [main] INFO  testCases.TC002_LoginTest - ***** Finished TC002_LoginTest *****
14:35:16.972 [main] INFO  testCases.TC004_wishlist - *****Starting TC004_wishlist
14:35:20.484 [main] INFO  testCases.TC004_wishlist - *****Ending TC004_wishlist
15:04:47.060 [main] INFO  testCases.TC002_LoginTest - ***** starting TC002_LoginTest *****
15:04:50.131 [main] INFO  testCases.TC002_LoginTest - ***** Finished TC002_LoginTest *****
15:04:54.164 [main] INFO  testCases.TC004_SearchProductTest - *****Starting TC004_wishlist
15:04:54.954 [main] INFO  testCases.TC004_SearchProductTest - *****Ending TC004_wishlist
15:05:50.427 [main] INFO  testCases.TC002_LoginTest - ***** starting TC002_LoginTest *****
15:05:54.703 [main] INFO  testCases.TC002_LoginTest - ***** Finished TC002_LoginTest *****
15:05:59.220 [main] INFO  testCases.TC004_SearchProductTest - *****Starting TC004_wishlist
15:06:00.272 [main] INFO  testCases.TC004_SearchProductTest - *****Ending TC004_wishlist
15:36:47.261 [main] INFO  testCases.TC002_LoginTest - ***** starting TC002_LoginTest *****
15:36:50.619 [main] INFO  testCases.TC002_LoginTest - ***** Finished TC002_LoginTest *****
