12:39:15.580 [main] INFO  testCases.TC003_LoginDDT - ***** starting TC003_LoginDDT *****
12:39:39.547 [main] INFO  testCases.TC003_LoginDDT - ***** starting TC003_LoginDDT *****
12:40:01.643 [main] INFO  testCases.TC003_LoginDDT - ***** starting TC003_LoginDDT *****
12:40:36.273 [main] INFO  testCases.TC003_LoginDDT - ***** starting TC003_LoginDDT *****
12:40:41.617 [main] INFO  testCases.TC003_LoginDDT - ***** Finished TC003_LoginDDT *****
12:47:55.795 [main] INFO  testCases.TC001_AccountRegistrationTest - ***** Starting TC001_AccountRegistrationTest *****
12:47:56.131 [main] INFO  testCases.TC001_AccountRegistrationTest - clicked on myAccount link....
12:47:56.726 [main] INFO  testCases.TC001_AccountRegistrationTest - clicked on Register link....
12:47:56.729 [main] INFO  testCases.TC001_AccountRegistrationTest - providing customer details..
12:48:00.258 [main] INFO  testCases.TC001_AccountRegistrationTest - validating expected message..
12:48:00.302 [main] INFO  testCases.TC001_AccountRegistrationTest - ****** Finished TC001 AccountRegistrationTest ******
12:48:04.115 [main] INFO  testCases.TC002_LoginTest - ***** starting TC002_LoginTest *****
12:48:05.905 [main] INFO  testCases.TC002_LoginTest - ***** Finished TC002_LoginTest *****
12:48:13.121 [main] INFO  testCases.TC003_LoginDDT - ***** starting TC003_LoginDDT *****
12:48:18.242 [main] INFO  testCases.TC003_LoginDDT - ***** Finished TC003_LoginDDT *****
12:48:24.959 [main] INFO  testCases.TC003_LoginDDT - ***** starting TC003_LoginDDT *****
12:48:59.307 [main] INFO  testCases.TC003_LoginDDT - ***** starting TC003_LoginDDT *****
12:49:28.641 [main] INFO  testCases.TC003_LoginDDT - ***** starting TC003_LoginDDT *****
12:49:56.903 [main] INFO  testCases.TC003_LoginDDT - ***** starting TC003_LoginDDT *****
12:50:01.949 [main] INFO  testCases.TC003_LoginDDT - ***** Finished TC003_LoginDDT *****
12:55:07.268 [main] INFO  testCases.TC003_LoginDDT - ***** starting TC003_LoginDDT *****
12:55:11.839 [main] INFO  testCases.TC003_LoginDDT - ***** Finished TC003_LoginDDT *****
12:55:15.738 [main] INFO  testCases.TC003_LoginDDT - ***** starting TC003_LoginDDT *****
12:55:45.935 [main] INFO  testCases.TC003_LoginDDT - ***** starting TC003_LoginDDT *****
12:56:17.924 [main] INFO  testCases.TC003_LoginDDT - ***** starting TC003_LoginDDT *****
12:56:44.964 [main] INFO  testCases.TC003_LoginDDT - ***** starting TC003_LoginDDT *****
12:56:50.397 [main] INFO  testCases.TC003_LoginDDT - ***** Finished TC003_LoginDDT *****
12:56:54.172 [main] INFO  testCases.TC001_AccountRegistrationTest - ***** Starting TC001_AccountRegistrationTest *****
12:56:54.299 [main] INFO  testCases.TC001_AccountRegistrationTest - clicked on myAccount link....
12:56:55.036 [main] INFO  testCases.TC001_AccountRegistrationTest - clicked on Register link....
12:56:55.039 [main] INFO  testCases.TC001_AccountRegistrationTest - providing customer details..
12:56:58.738 [main] INFO  testCases.TC001_AccountRegistrationTest - validating expected message..
12:56:58.781 [main] INFO  testCases.TC001_AccountRegistrationTest - ****** Finished TC001 AccountRegistrationTest ******
12:57:04.301 [main] INFO  testCases.TC002_LoginTest - ***** starting TC002_LoginTest *****
12:57:06.751 [main] INFO  testCases.TC002_LoginTest - ***** Finished TC002_LoginTest *****
14:21:09.425 [main] INFO  testCases.TC003_LoginDDT - ***** starting TC003_LoginDDT *****
14:21:13.769 [main] INFO  testCases.TC003_LoginDDT - ***** Finished TC003_LoginDDT *****
14:21:17.108 [main] INFO  testCases.TC003_LoginDDT - ***** starting TC003_LoginDDT *****
14:21:50.205 [main] INFO  testCases.TC003_LoginDDT - ***** starting TC003_LoginDDT *****
14:22:17.871 [main] INFO  testCases.TC003_LoginDDT - ***** starting TC003_LoginDDT *****
14:22:48.804 [main] INFO  testCases.TC003_LoginDDT - ***** starting TC003_LoginDDT *****
14:22:53.325 [main] INFO  testCases.TC003_LoginDDT - ***** Finished TC003_LoginDDT *****
14:22:57.167 [main] INFO  testCases.TC001_AccountRegistrationTest - ***** Starting TC001_AccountRegistrationTest *****
14:22:57.262 [main] INFO  testCases.TC001_AccountRegistrationTest - clicked on myAccount link....
14:22:57.975 [main] INFO  testCases.TC001_AccountRegistrationTest - clicked on Register link....
14:22:57.975 [main] INFO  testCases.TC001_AccountRegistrationTest - providing customer details..
14:23:01.595 [main] INFO  testCases.TC001_AccountRegistrationTest - validating expected message..
14:23:01.642 [main] INFO  testCases.TC001_AccountRegistrationTest - ****** Finished TC001 AccountRegistrationTest ******
14:23:10.886 [main] INFO  testCases.TC002_LoginTest - ***** starting TC002_LoginTest *****
14:23:13.450 [main] INFO  testCases.TC002_LoginTest - ***** Finished TC002_LoginTest *****
15:29:36.317 [main] INFO  testCases.TC002_LoginTest - ***** starting TC002_LoginTest *****
15:29:37.880 [main] INFO  testCases.TC002_LoginTest - ***** Finished TC002_LoginTest *****
15:31:20.566 [main] INFO  testCases.TC002_LoginTest - ***** starting TC002_LoginTest *****
